[ 2015-07-20T07:53:42+08:00 ] 127.0.0.1 /
INFO: [ app_init ] --START--
INFO: Run Behavior\BuildLiteBehavior [ RunTime:0.000157s ]
INFO: [ app_init ] --END-- [ RunTime:0.001466s ]
INFO: [ app_begin ] --START--
INFO: Run Behavior\ReadHtmlCacheBehavior [ RunTime:0.001108s ]
INFO: [ app_begin ] --END-- [ RunTime:0.023032s ]
INFO: [ view_parse ] --START--
INFO: [ template_filter ] --START--
INFO: Run Behavior\ContentReplaceBehavior [ RunTime:0.000338s ]
INFO: [ template_filter ] --END-- [ RunTime:0.001178s ]
INFO: Run Behavior\ParseTemplateBehavior [ RunTime:0.018382s ]
INFO: [ view_parse ] --END-- [ RunTime:0.019232s ]
INFO: [ view_filter ] --START--
INFO: Run Behavior\WriteHtmlCacheBehavior [ RunTime:0.000913s ]
INFO: [ view_filter ] --END-- [ RunTime:0.001881s ]
INFO: [ app_end ] --START--
INFO: Run Behavior\ShowPageTraceBehavior [ RunTime:0.000925s ]
INFO: [ app_end ] --END-- [ RunTime:0.001539s ]

[ 2015-07-20T07:53:59+08:00 ] 127.0.0.1 /
INFO: [ app_init ] --START--
INFO: Run Behavior\BuildLiteBehavior [ RunTime:0.000187s ]
INFO: [ app_init ] --END-- [ RunTime:0.001718s ]
INFO: [ app_begin ] --START--
INFO: Run Behavior\ReadHtmlCacheBehavior [ RunTime:0.001111s ]
INFO: [ app_begin ] --END-- [ RunTime:0.002238s ]
INFO: [ view_parse ] --START--
INFO: [ template_filter ] --START--
INFO: Run Behavior\ContentReplaceBehavior [ RunTime:0.000430s ]
INFO: [ template_filter ] --END-- [ RunTime:0.003231s ]
INFO: Run Behavior\ParseTemplateBehavior [ RunTime:0.052506s ]
INFO: [ view_parse ] --END-- [ RunTime:0.053665s ]
INFO: [ view_filter ] --START--
INFO: Run Behavior\WriteHtmlCacheBehavior [ RunTime:0.000782s ]
INFO: [ view_filter ] --END-- [ RunTime:0.001592s ]
INFO: [ app_end ] --START--
INFO: Run Behavior\ShowPageTraceBehavior [ RunTime:0.001199s ]
INFO: [ app_end ] --END-- [ RunTime:0.002316s ]

